<?xml version="1.0" encoding="UTF-8"?>
<!-- Generated by org.testng.reporters.JUnitReportReporter -->
<testsuite hostname="LAPTOP-MRABR3S0" failures="0" tests="2" name="com.testng.suits.Sample1" time="0.018" errors="0" timestamp="2021-08-19T16:09:32 IST" skipped="0">
  <testcase classname="com.testng.suits.Sample1" name="TC_1" time="0.015"/>
  <system-out>
    <![CDATA[Running TC 1 ]]>
  </system-out>
  <testcase classname="com.testng.suits.Sample1" name="TC_2" time="0.003"/>
  <system-out>
    <![CDATA[Running TC 2 ]]>
  </system-out>
</testsuite> <!-- com.testng.suits.Sample1 -->
