<?xml version="1.0" encoding="UTF-8"?>
<!-- Generated by org.testng.reporters.JUnitReportReporter -->
<testsuite hostname="LAPTOP-MRABR3S0" failures="0" tests="2" name="com.testng.suits.Sample3" time="0.003" errors="0" timestamp="2021-08-19T16:09:32 IST" skipped="0">
  <testcase classname="com.testng.suits.Sample3" name="TC_5" time="0.002"/>
  <system-out>
    <![CDATA[Running TC 7]]>
  </system-out>
  <testcase classname="com.testng.suits.Sample3" name="TC_6" time="0.001"/>
  <system-out>
    <![CDATA[Running TC 6 ]]>
  </system-out>
</testsuite> <!-- com.testng.suits.Sample3 -->
