<?xml version="1.0" encoding="UTF-8"?>
<!-- Generated by org.testng.reporters.JUnitReportReporter -->
<testsuite hostname="LAPTOP-MRABR3S0" failures="0" tests="2" name="com.testng.suits.Sample2" time="0.005" errors="0" timestamp="2021-08-19T16:09:32 IST" skipped="0">
  <testcase classname="com.testng.suits.Sample2" name="TC_4" time="0.002"/>
  <system-out>
    <![CDATA[Running TC 4 ]]>
  </system-out>
  <testcase classname="com.testng.suits.Sample2" name="TC_3" time="0.003"/>
  <system-out>
    <![CDATA[Running TC 3 ]]>
  </system-out>
</testsuite> <!-- com.testng.suits.Sample2 -->
